<?xml version="1.0" encoding="UTF-8"?>
<testsuite xmlns:xsi="http://www.w3.org/2001/XMLSchema-instance" xsi:noNamespaceSchemaLocation="https://maven.apache.org/surefire/maven-surefire-plugin/xsd/surefire-test-report-3.0.xsd" version="3.0" name="dk.cbse.jakob.collisionsystem.CollisionDetectorTest" time="0.753" tests="2" errors="0" skipped="0" failures="0">
  <properties>
    <property name="java.specification.version" value="21"/>
    <property name="sun.cpu.isalist" value="amd64"/>
    <property name="sun.jnu.encoding" value="Cp1252"/>
    <property name="java.class.path" value="C:\Users\jakob\Desktop\Astroidetest\Collision\target\test-classes;C:\Users\jakob\Desktop\Astroidetest\Collision\target\classes;C:\Users\jakob\Desktop\Astroidetest\Common\target\Common-1.0-SNAPSHOT.jar;C:\Users\jakob\.m2\repository\org\openjfx\javafx-graphics\23.0.2\javafx-graphics-23.0.2.jar;C:\Users\jakob\.m2\repository\org\openjfx\javafx-graphics\23.0.2\javafx-graphics-23.0.2-win.jar;C:\Users\jakob\.m2\repository\org\openjfx\javafx-base\23.0.2\javafx-base-23.0.2.jar;C:\Users\jakob\.m2\repository\org\openjfx\javafx-base\23.0.2\javafx-base-23.0.2-win.jar;C:\Users\jakob\.m2\repository\org\codehaus\plexus\plexus-component-annotations\2.1.1\plexus-component-annotations-2.1.1.jar;C:\Users\jakob\.m2\repository\org\springframework\spring-context\6.2.5\spring-context-6.2.5.jar;C:\Users\jakob\.m2\repository\org\springframework\spring-aop\6.1.3\spring-aop-6.1.3.jar;C:\Users\jakob\.m2\repository\org\springframework\spring-beans\6.1.3\spring-beans-6.1.3.jar;C:\Users\jakob\.m2\repository\org\springframework\spring-core\6.1.3\spring-core-6.1.3.jar;C:\Users\jakob\.m2\repository\org\springframework\spring-jcl\6.1.3\spring-jcl-6.1.3.jar;C:\Users\jakob\.m2\repository\org\springframework\spring-expression\6.1.3\spring-expression-6.1.3.jar;C:\Users\jakob\.m2\repository\io\micrometer\micrometer-observation\1.14.5\micrometer-observation-1.14.5.jar;C:\Users\jakob\.m2\repository\io\micrometer\micrometer-commons\1.14.5\micrometer-commons-1.14.5.jar;C:\Users\jakob\Desktop\Astroidetest\CommonAsteroids\target\CommonAsteroids-1.0-SNAPSHOT.jar;C:\Users\jakob\Desktop\Astroidetest\CommonBullet\target\CommonBullet-1.0-SNAPSHOT.jar;C:\Users\jakob\.m2\repository\org\mockito\mockito-core\5.7.0\mockito-core-5.7.0.jar;C:\Users\jakob\.m2\repository\net\bytebuddy\byte-buddy\1.14.9\byte-buddy-1.14.9.jar;C:\Users\jakob\.m2\repository\net\bytebuddy\byte-buddy-agent\1.14.9\byte-buddy-agent-1.14.9.jar;C:\Users\jakob\.m2\repository\org\objenesis\objenesis\3.3\objenesis-3.3.jar;C:\Users\jakob\.m2\repository\junit\junit\4.13.1\junit-4.13.1.jar;C:\Users\jakob\.m2\repository\org\hamcrest\hamcrest-core\1.3\hamcrest-core-1.3.jar;"/>
    <property name="java.vm.vendor" value="Oracle Corporation"/>
    <property name="sun.arch.data.model" value="64"/>
    <property name="user.variant" value=""/>
    <property name="java.vendor.url" value="https://java.oracle.com/"/>
    <property name="user.timezone" value="Europe/Copenhagen"/>
    <property name="user.country.format" value="DK"/>
    <property name="os.name" value="Windows 11"/>
    <property name="java.vm.specification.version" value="21"/>
    <property name="sun.java.launcher" value="SUN_STANDARD"/>
    <property name="user.country" value="US"/>
    <property name="sun.boot.library.path" value="C:\Users\jakob\.jdks\openjdk-21.0.1\bin"/>
    <property name="sun.java.command" value="C:\Users\jakob\AppData\Local\Temp\surefire7191322903355002492\surefirebooter-20250519230710781_3.jar C:\Users\jakob\AppData\Local\Temp\surefire7191322903355002492 2025-05-19T23-06-56_296-jvmRun1 surefire-20250519230710781_1tmp surefire_0-20250519230710781_2tmp"/>
    <property name="jdk.debug" value="release"/>
    <property name="surefire.test.class.path" value="C:\Users\jakob\Desktop\Astroidetest\Collision\target\test-classes;C:\Users\jakob\Desktop\Astroidetest\Collision\target\classes;C:\Users\jakob\Desktop\Astroidetest\Common\target\Common-1.0-SNAPSHOT.jar;C:\Users\jakob\.m2\repository\org\openjfx\javafx-graphics\23.0.2\javafx-graphics-23.0.2.jar;C:\Users\jakob\.m2\repository\org\openjfx\javafx-graphics\23.0.2\javafx-graphics-23.0.2-win.jar;C:\Users\jakob\.m2\repository\org\openjfx\javafx-base\23.0.2\javafx-base-23.0.2.jar;C:\Users\jakob\.m2\repository\org\openjfx\javafx-base\23.0.2\javafx-base-23.0.2-win.jar;C:\Users\jakob\.m2\repository\org\codehaus\plexus\plexus-component-annotations\2.1.1\plexus-component-annotations-2.1.1.jar;C:\Users\jakob\.m2\repository\org\springframework\spring-context\6.2.5\spring-context-6.2.5.jar;C:\Users\jakob\.m2\repository\org\springframework\spring-aop\6.1.3\spring-aop-6.1.3.jar;C:\Users\jakob\.m2\repository\org\springframework\spring-beans\6.1.3\spring-beans-6.1.3.jar;C:\Users\jakob\.m2\repository\org\springframework\spring-core\6.1.3\spring-core-6.1.3.jar;C:\Users\jakob\.m2\repository\org\springframework\spring-jcl\6.1.3\spring-jcl-6.1.3.jar;C:\Users\jakob\.m2\repository\org\springframework\spring-expression\6.1.3\spring-expression-6.1.3.jar;C:\Users\jakob\.m2\repository\io\micrometer\micrometer-observation\1.14.5\micrometer-observation-1.14.5.jar;C:\Users\jakob\.m2\repository\io\micrometer\micrometer-commons\1.14.5\micrometer-commons-1.14.5.jar;C:\Users\jakob\Desktop\Astroidetest\CommonAsteroids\target\CommonAsteroids-1.0-SNAPSHOT.jar;C:\Users\jakob\Desktop\Astroidetest\CommonBullet\target\CommonBullet-1.0-SNAPSHOT.jar;C:\Users\jakob\.m2\repository\org\mockito\mockito-core\5.7.0\mockito-core-5.7.0.jar;C:\Users\jakob\.m2\repository\net\bytebuddy\byte-buddy\1.14.9\byte-buddy-1.14.9.jar;C:\Users\jakob\.m2\repository\net\bytebuddy\byte-buddy-agent\1.14.9\byte-buddy-agent-1.14.9.jar;C:\Users\jakob\.m2\repository\org\objenesis\objenesis\3.3\objenesis-3.3.jar;C:\Users\jakob\.m2\repository\junit\junit\4.13.1\junit-4.13.1.jar;C:\Users\jakob\.m2\repository\org\hamcrest\hamcrest-core\1.3\hamcrest-core-1.3.jar;"/>
    <property name="sun.cpu.endian" value="little"/>
    <property name="user.home" value="C:\Users\jakob"/>
    <property name="user.language" value="en"/>
    <property name="java.specification.vendor" value="Oracle Corporation"/>
    <property name="java.version.date" value="2023-10-17"/>
    <property name="java.home" value="C:\Users\jakob\.jdks\openjdk-21.0.1"/>
    <property name="file.separator" value="\"/>
    <property name="basedir" value="C:\Users\jakob\Desktop\Astroidetest\Collision"/>
    <property name="java.vm.compressedOopsMode" value="Zero based"/>
    <property name="line.separator" value="&#10;"/>
    <property name="java.vm.specification.vendor" value="Oracle Corporation"/>
    <property name="java.specification.name" value="Java Platform API Specification"/>
    <property name="surefire.real.class.path" value="C:\Users\jakob\AppData\Local\Temp\surefire7191322903355002492\surefirebooter-20250519230710781_3.jar"/>
    <property name="user.script" value=""/>
    <property name="sun.management.compiler" value="HotSpot 64-Bit Tiered Compilers"/>
    <property name="java.runtime.version" value="21.0.1+12-29"/>
    <property name="user.name" value="jakob"/>
    <property name="stdout.encoding" value="Cp1252"/>
    <property name="path.separator" value=";"/>
    <property name="os.version" value="10.0"/>
    <property name="java.runtime.name" value="OpenJDK Runtime Environment"/>
    <property name="file.encoding" value="UTF-8"/>
    <property name="java.vm.name" value="OpenJDK 64-Bit Server VM"/>
    <property name="localRepository" value="C:\Users\jakob\.m2\repository"/>
    <property name="java.vendor.url.bug" value="https://bugreport.java.com/bugreport/"/>
    <property name="java.io.tmpdir" value="C:\Users\jakob\AppData\Local\Temp\"/>
    <property name="idea.version" value="2023.2.8"/>
    <property name="java.version" value="21.0.1"/>
    <property name="user.dir" value="C:\Users\jakob\Desktop\Astroidetest\Collision"/>
    <property name="os.arch" value="amd64"/>
    <property name="java.vm.specification.name" value="Java Virtual Machine Specification"/>
    <property name="user.language.format" value="da"/>
    <property name="sun.os.patch.level" value=""/>
    <property name="native.encoding" value="Cp1252"/>
    <property name="java.library.path" value="C:\Users\jakob\.jdks\openjdk-21.0.1\bin;C:\WINDOWS\Sun\Java\bin;C:\WINDOWS\system32;C:\WINDOWS;C:\Program Files\Common Files\Oracle\Java\javapath;C:\WINDOWS\system32;C:\WINDOWS;C:\WINDOWS\System32\Wbem;C:\WINDOWS\System32\WindowsPowerShell\v1.0\;C:\WINDOWS\System32\OpenSSH\;C:\Program Files (x86)\NVIDIA Corporation\PhysX\Common;C:\Program Files\dotnet\;C:\Program Files\NVIDIA Corporation\NVIDIA app\NvDLISR;C:\Program Files\Git\cmd;C:\Users\jakob\Desktop\php;C:\ProgramData\ComposerSetup\bin;C:\Program Files\Docker\Docker\resources\bin;C:\Users\jakob\AppData\Local\Programs\Eclipse Adoptium\jdk-17.0.9.9-hotspot\bin;C:\Users\jakob\AppData\Local\Microsoft\WindowsApps;C:\Users\jakob\AppData\Local\Programs\Microsoft VS Code\bin;C:\Users\jakob\AppData\Local\GitHubDesktop\bin;C:\Users\jakob\AppData\Roaming\Composer\vendor\bin;."/>
    <property name="java.vm.info" value="mixed mode, sharing"/>
    <property name="stderr.encoding" value="Cp1252"/>
    <property name="java.vendor" value="Oracle Corporation"/>
    <property name="java.vm.version" value="21.0.1+12-29"/>
    <property name="sun.io.unicode.encoding" value="UnicodeLittle"/>
    <property name="java.class.version" value="65.0"/>
  </properties>
  <testcase name="testEntitiesDoNotCollide" classname="dk.cbse.jakob.collisionsystem.CollisionDetectorTest" time="0.711">
    <system-out><![CDATA[Entities not collidingfalse
]]></system-out>
    <system-err><![CDATA[WARNING: A Java agent has been loaded dynamically (C:\Users\jakob\.m2\repository\net\bytebuddy\byte-buddy-agent\1.14.9\byte-buddy-agent-1.14.9.jar)
WARNING: If a serviceability tool is in use, please run with -XX:+EnableDynamicAgentLoading to hide this warning
WARNING: If a serviceability tool is not in use, please run with -Djdk.instrument.traceUsage for more information
WARNING: Dynamic loading of agents will be disallowed by default in a future release
]]></system-err>
  </testcase>
  <testcase name="testEntitiesCollide" classname="dk.cbse.jakob.collisionsystem.CollisionDetectorTest" time="0">
    <system-out><![CDATA[Entities collidingtrue
]]></system-out>
  </testcase>
</testsuite>